<?xml version="1.0" encoding="UTF-8"?>
<!-- Generated by org.testng.reporters.JUnitXMLReporter -->
<testsuite ignored="2" hostname="DESKTOP-BH6LQCD" failures="0" tests="2" name="Surefire test" time="16.556" errors="0" timestamp="2024-11-07T21:37:51 IST">
  <testcase classname="testCases.OrangeHRMTestCase" name="LoginToHRM" time="2.817"/>
  <testcase classname="testCases.OrangeHRMTestCase" name="AddEmp" time="4.441"/>
  <testcase classname="base.BaseTest" name="@AfterTest teardown" time="0.0">
    <ignored/>
  </testcase> <!-- @AfterTest teardown -->
  <testcase classname="base.BaseTest" name="@BeforeTest setup" time="0.0">
    <ignored/>
  </testcase> <!-- @BeforeTest setup -->
</testsuite> <!-- Surefire test -->
