<?xml version="1.0" encoding="UTF-8"?>
<testsuite xmlns:xsi="http://www.w3.org/2001/XMLSchema-instance" xsi:noNamespaceSchemaLocation="https://maven.apache.org/surefire/maven-surefire-plugin/xsd/surefire-test-report-3.0.xsd" version="3.0" name="TestSuite" time="17.813" tests="2" errors="0" skipped="0" failures="0">
  <properties>
[...]
</properties>
  <testcase name="LoginToHRM[Admin, admin123](1)" classname="testCases.OrangeHRMTestCase" time="2.82">
    <system-out><![CDATA[TestCase is srart now and its details are : Surefire test
chrome Browser is launched
Login is successful :)
]]></system-out>
    <system-err><![CDATA[SLF4J(W): No SLF4J providers were found.
SLF4J(W): Defaulting to no-operation (NOP) logger implementation
SLF4J(W): See https://www.slf4j.org/codes.html#noProviders for further details.
Nov 07, 2024 9:37:39 PM org.openqa.selenium.devtools.CdpVersionFinder findNearestMatch
WARNING: Unable to find an exact match for CDP version 130, returning the closest version; found: 127; Please update to a Selenium version that supports CDP version 130
]]></system-err>
  </testcase>
  <testcase name="AddEmp" classname="testCases.OrangeHRMTestCase" time="4.436">
    <system-out><![CDATA[Success of test cases and its details are : LoginToHRM
]]></system-out>
  </testcase>
</testsuite>