<?xml version="1.0" encoding="UTF-8"?>
<testng-results ignored="0" total="2" passed="2" failed="0" skipped="0">
  <reporter-output>
  </reporter-output>
  <suite started-at="2024-11-07T21:37:34 IST" name="Surefire suite" finished-at="2024-11-07T21:37:51 IST" duration-ms="16556">
    <groups>
      <group name="regression">
        <method signature="OrangeHRMTestCase.AddEmp()[pri:0, instance:testCases.OrangeHRMTestCase@c267ef4]" name="AddEmp" class="testCases.OrangeHRMTestCase"/>
      </group> <!-- regression -->
      <group name="smoke">
        <method signature="OrangeHRMTestCase.LoginToHRM(java.lang.String,java.lang.String)[pri:0, instance:testCases.OrangeHRMTestCase@c267ef4]" name="LoginToHRM" class="testCases.OrangeHRMTestCase"/>
        <method signature="OrangeHRMTestCase.AddEmp()[pri:0, instance:testCases.OrangeHRMTestCase@c267ef4]" name="AddEmp" class="testCases.OrangeHRMTestCase"/>
      </group> <!-- smoke -->
      <group name="login">
        <method signature="OrangeHRMTestCase.LoginToHRM(java.lang.String,java.lang.String)[pri:0, instance:testCases.OrangeHRMTestCase@c267ef4]" name="LoginToHRM" class="testCases.OrangeHRMTestCase"/>
      </group> <!-- login -->
    </groups>
    <test started-at="2024-11-07T21:37:34 IST" name="Surefire test" finished-at="2024-11-07T21:37:51 IST" duration-ms="16556">
      <class name="testCases.OrangeHRMTestCase">
        <test-method signature="LoginToHRM(java.lang.String,java.lang.String)[pri:0, instance:testCases.OrangeHRMTestCase@c267ef4]" started-at="2024-11-07T21:37:43 IST" name="LoginToHRM" data-provider="credentials" finished-at="2024-11-07T21:37:46 IST" duration-ms="2817" status="PASS">
          <params>
            <param index="0">
              <value>
                <![CDATA[Admin]]>
              </value>
            </param>
            <param index="1">
              <value>
                <![CDATA[admin123]]>
              </value>
            </param>
          </params>
          <reporter-output>
          </reporter-output>
        </test-method> <!-- LoginToHRM -->
        <test-method signature="AddEmp()[pri:0, instance:testCases.OrangeHRMTestCase@c267ef4]" started-at="2024-11-07T21:37:46 IST" name="AddEmp" finished-at="2024-11-07T21:37:50 IST" depends-on-methods="testCases.OrangeHRMTestCase.LoginToHRM" duration-ms="4441" status="PASS">
          <reporter-output>
          </reporter-output>
        </test-method> <!-- AddEmp -->
      </class> <!-- testCases.OrangeHRMTestCase -->
      <class name="base.BaseTest">
        <test-method is-config="true" signature="setup(java.lang.String,java.lang.String)[pri:0, instance:base.BaseTest@70e8f8e]" started-at="2024-11-07T21:37:34 IST" name="setup" finished-at="2024-11-07T21:37:43 IST" duration-ms="8691" status="PASS">
          <params>
            <param index="0">
              <value>
                <![CDATA[chrome]]>
              </value>
            </param>
            <param index="1">
              <value>
                <![CDATA[local]]>
              </value>
            </param>
          </params>
          <reporter-output>
          </reporter-output>
        </test-method> <!-- setup -->
        <test-method is-config="true" signature="teardown()[pri:0, instance:base.BaseTest@70e8f8e]" started-at="2024-11-07T21:37:50 IST" name="teardown" finished-at="2024-11-07T21:37:51 IST" duration-ms="491" status="PASS">
          <reporter-output>
          </reporter-output>
        </test-method> <!-- teardown -->
      </class> <!-- base.BaseTest -->
    </test> <!-- Surefire test -->
  </suite> <!-- Surefire suite -->
</testng-results>
