<?xml version="1.0" encoding="UTF-8"?>
<testng-results ignored="0" total="2" passed="2" failed="0" skipped="0">
  <reporter-output>
  </reporter-output>
  <suite started-at="2024-12-13T19:23:10 IST" name="Default suite" finished-at="2024-12-13T19:23:24 IST" duration-ms="13707">
    <groups>
      <group name="regression">
        <method signature="OrangeHRMTestCase.AddEmp()[pri:0, instance:testCases.OrangeHRMTestCase@7530ad9c]" name="AddEmp" class="testCases.OrangeHRMTestCase"/>
      </group> <!-- regression -->
      <group name="smoke">
        <method signature="OrangeHRMTestCase.LoginToHRM(java.lang.String,java.lang.String)[pri:0, instance:testCases.OrangeHRMTestCase@7530ad9c]" name="LoginToHRM" class="testCases.OrangeHRMTestCase"/>
        <method signature="OrangeHRMTestCase.AddEmp()[pri:0, instance:testCases.OrangeHRMTestCase@7530ad9c]" name="AddEmp" class="testCases.OrangeHRMTestCase"/>
      </group> <!-- smoke -->
      <group name="login">
        <method signature="OrangeHRMTestCase.LoginToHRM(java.lang.String,java.lang.String)[pri:0, instance:testCases.OrangeHRMTestCase@7530ad9c]" name="LoginToHRM" class="testCases.OrangeHRMTestCase"/>
      </group> <!-- login -->
    </groups>
    <test started-at="2024-12-13T19:23:10 IST" name="Default test" finished-at="2024-12-13T19:23:24 IST" duration-ms="13707">
      <class name="testCases.OrangeHRMTestCase">
        <test-method is-config="true" signature="setup(java.lang.String,java.lang.String)[pri:0, instance:testCases.OrangeHRMTestCase@7530ad9c]" started-at="2024-12-13T19:23:10 IST" name="setup" finished-at="2024-12-13T19:23:18 IST" duration-ms="8093" status="PASS">
          <params>
            <param index="0">
              <value>
                <![CDATA[chrome]]>
              </value>
            </param>
            <param index="1">
              <value>
                <![CDATA[local]]>
              </value>
            </param>
          </params>
          <reporter-output>
          </reporter-output>
        </test-method> <!-- setup -->
        <test-method signature="LoginToHRM(java.lang.String,java.lang.String)[pri:0, instance:testCases.OrangeHRMTestCase@7530ad9c]" started-at="2024-12-13T19:23:18 IST" name="LoginToHRM" data-provider="credentials" finished-at="2024-12-13T19:23:20 IST" duration-ms="2116" status="PASS">
          <params>
            <param index="0">
              <value>
                <![CDATA[Admin]]>
              </value>
            </param>
            <param index="1">
              <value>
                <![CDATA[admin123]]>
              </value>
            </param>
          </params>
          <reporter-output>
          </reporter-output>
        </test-method> <!-- LoginToHRM -->
        <test-method signature="AddEmp()[pri:0, instance:testCases.OrangeHRMTestCase@7530ad9c]" started-at="2024-12-13T19:23:20 IST" name="AddEmp" finished-at="2024-12-13T19:23:23 IST" depends-on-methods="testCases.OrangeHRMTestCase.LoginToHRM" duration-ms="3137" status="PASS">
          <reporter-output>
          </reporter-output>
        </test-method> <!-- AddEmp -->
        <test-method is-config="true" signature="teardown()[pri:0, instance:testCases.OrangeHRMTestCase@7530ad9c]" started-at="2024-12-13T19:23:23 IST" name="teardown" finished-at="2024-12-13T19:23:24 IST" duration-ms="312" status="PASS">
          <reporter-output>
          </reporter-output>
        </test-method> <!-- teardown -->
      </class> <!-- testCases.OrangeHRMTestCase -->
    </test> <!-- Default test -->
  </suite> <!-- Default suite -->
</testng-results>
